<?xml version="1.0" encoding="utf-8"?><testsuites name="pytest tests"><testsuite name="pytest" errors="0" failures="0" skipped="0" tests="18" time="17.260" timestamp="2026-02-24T14:35:05.696665+00:00" hostname="agent-env-61d8f3aa-8fa1-468b-b613-a1de9ab39cf7"><testcase classname="backend.tests.test_api.TestHealthCheck" name="test_api_root" time="0.318" /><testcase classname="backend.tests.test_api.TestAuthentication" name="test_login_success" time="0.407" /><testcase classname="backend.tests.test_api.TestAuthentication" name="test_login_invalid_credentials" time="0.130" /><testcase classname="backend.tests.test_api.TestAuthentication" name="test_register_new_user" time="0.363" /><testcase classname="backend.tests.test_api.TestAuthentication" name="test_register_duplicate_email" time="0.136" /><testcase classname="backend.tests.test_api.TestAuthentication" name="test_get_current_user" time="0.608" /><testcase classname="backend.tests.test_api.TestBudgetCategories" name="test_create_income_category" time="0.569" /><testcase classname="backend.tests.test_api.TestBudgetCategories" name="test_create_expense_category" time="0.500" /><testcase classname="backend.tests.test_api.TestBudgetCategories" name="test_get_categories" time="0.566" /><testcase classname="backend.tests.test_api.TestBudgetCategories" name="test_get_budget_summary" time="0.467" /><testcase classname="backend.tests.test_api.TestEMIs" name="test_create_emi" time="0.923" /><testcase classname="backend.tests.test_api.TestEMIs" name="test_get_emis" time="0.780" /><testcase classname="backend.tests.test_api.TestEMIs" name="test_get_emi_recommendations" time="0.520" /><testcase classname="backend.tests.test_api.TestFinancialScore" name="test_get_financial_score" time="0.547" /><testcase classname="backend.tests.test_api.TestWhenToBuy" name="test_when_to_buy" time="0.470" /><testcase classname="backend.tests.test_api.TestChatbot" name="test_chatbot_simple_query" time="8.823" /><testcase classname="backend.tests.test_api.TestSMSParsing" name="test_parse_debit_sms" time="0.499" /><testcase classname="backend.tests.test_api.TestFamilyGroups" name="test_get_family_members" time="0.502" /></testsuite></testsuites>